<?xml version="1.0" encoding="UTF-8"?>
<robot generator="Robot 3.2.2 (Python 3.9.1 on darwin)" generated="20210218 11:04:25.498" rpa="false">
<suite id="s1" name="TechExam" source="/Users/reyantoniorepollo/Documents/TechnicalExam/TechExam.robot">
<test id="s1-t1" name="Check response if email and password are incorrect">
<kw name="Open Browser" library="SeleniumLibrary" type="setup">
<doc>Opens a new browser instance to the optional ``url``.</doc>
<arguments>
<arg>${BROWSER}</arg>
<arg>${URL}</arg>
</arguments>
<msg timestamp="20210218 11:04:25.650" level="INFO">Opening browser 'chrome' to base url 'https://login.optimyapp.com'.</msg>
<status status="PASS" starttime="20210218 11:04:25.649" endtime="20210218 11:04:30.440"></status>
</kw>
<kw name="Input Text" library="SeleniumLibrary">
<doc>Types the given ``text`` into the text field identified by ``locator``.</doc>
<arguments>
<arg>xpath://*[@id="tab-login"]/form/div[1]/input</arg>
<arg>testemail@gmail.com</arg>
</arguments>
<msg timestamp="20210218 11:04:30.441" level="INFO">Typing text 'testemail@gmail.com' into text field 'xpath://*[@id="tab-login"]/form/div[1]/input'.</msg>
<status status="PASS" starttime="20210218 11:04:30.440" endtime="20210218 11:04:30.543"></status>
</kw>
<kw name="Input Text" library="SeleniumLibrary">
<doc>Types the given ``text`` into the text field identified by ``locator``.</doc>
<arguments>
<arg>xpath://*[@id="tab-login"]/form/div[2]/input</arg>
<arg>Password123</arg>
</arguments>
<msg timestamp="20210218 11:04:30.544" level="INFO">Typing text 'Password123' into text field 'xpath://*[@id="tab-login"]/form/div[2]/input'.</msg>
<status status="PASS" starttime="20210218 11:04:30.543" endtime="20210218 11:04:30.627"></status>
</kw>
<kw name="Click Button" library="SeleniumLibrary">
<doc>Clicks the button identified by ``locator``.</doc>
<arguments>
<arg>//*[@id="tab-login"]/form/button</arg>
</arguments>
<msg timestamp="20210218 11:04:30.628" level="INFO">Clicking button '//*[@id="tab-login"]/form/button'.</msg>
<status status="PASS" starttime="20210218 11:04:30.627" endtime="20210218 11:04:30.689"></status>
</kw>
<kw name="Sleep" library="BuiltIn">
<doc>Pauses the test executed for the given time.</doc>
<arguments>
<arg>5</arg>
</arguments>
<msg timestamp="20210218 11:04:35.691" level="INFO">Slept 5 seconds</msg>
<status status="PASS" starttime="20210218 11:04:30.690" endtime="20210218 11:04:35.691"></status>
</kw>
<kw name="Element Should Be Visible" library="SeleniumLibrary">
<doc>Verifies that the element identified by ``locator`` is visible.</doc>
<arguments>
<arg>xpath://*[@id="login-invalid"]/span</arg>
</arguments>
<msg timestamp="20210218 11:04:35.711" level="INFO">Element 'xpath://*[@id="login-invalid"]/span' is displayed.</msg>
<status status="PASS" starttime="20210218 11:04:35.691" endtime="20210218 11:04:35.711"></status>
</kw>
<kw name="Close Browser" library="SeleniumLibrary" type="teardown">
<doc>Closes the current browser.</doc>
<status status="PASS" starttime="20210218 11:04:35.711" endtime="20210218 11:04:35.782"></status>
</kw>
<status status="PASS" starttime="20210218 11:04:25.649" endtime="20210218 11:04:35.783" critical="yes"></status>
</test>
<test id="s1-t2" name="Check response if invalid email">
<kw name="Open Browser" library="SeleniumLibrary" type="setup">
<doc>Opens a new browser instance to the optional ``url``.</doc>
<arguments>
<arg>${BROWSER}</arg>
<arg>${URL}</arg>
</arguments>
<msg timestamp="20210218 11:04:35.785" level="INFO">Opening browser 'chrome' to base url 'https://login.optimyapp.com'.</msg>
<status status="PASS" starttime="20210218 11:04:35.785" endtime="20210218 11:04:40.234"></status>
</kw>
<kw name="Input Text" library="SeleniumLibrary">
<doc>Types the given ``text`` into the text field identified by ``locator``.</doc>
<arguments>
<arg>xpath://*[@id="tab-login"]/form/div[1]/input</arg>
<arg>testemail</arg>
</arguments>
<msg timestamp="20210218 11:04:40.235" level="INFO">Typing text 'testemail' into text field 'xpath://*[@id="tab-login"]/form/div[1]/input'.</msg>
<status status="PASS" starttime="20210218 11:04:40.234" endtime="20210218 11:04:40.329"></status>
</kw>
<kw name="Click Button" library="SeleniumLibrary">
<doc>Clicks the button identified by ``locator``.</doc>
<arguments>
<arg>//*[@id="tab-login"]/form/button</arg>
</arguments>
<msg timestamp="20210218 11:04:40.329" level="INFO">Clicking button '//*[@id="tab-login"]/form/button'.</msg>
<status status="PASS" starttime="20210218 11:04:40.329" endtime="20210218 11:04:40.394"></status>
</kw>
<kw name="Element Should Contain" library="SeleniumLibrary">
<doc>Verifies that element ``locator`` contains text ``expected``.</doc>
<arguments>
<arg>xpath://*[@for="email" and @class="help-block"]</arg>
<arg>Please enter a valid email address (e.g.: john.smith@gmail.com).</arg>
</arguments>
<msg timestamp="20210218 11:04:40.413" level="INFO">Element 'xpath://*[@for="email" and @class="help-block"]' contains text 'Please enter a valid email address (e.g.: john.smith@gmail.com).'.</msg>
<status status="PASS" starttime="20210218 11:04:40.394" endtime="20210218 11:04:40.413"></status>
</kw>
<kw name="Close Browser" library="SeleniumLibrary" type="teardown">
<doc>Closes the current browser.</doc>
<status status="PASS" starttime="20210218 11:04:40.414" endtime="20210218 11:04:40.484"></status>
</kw>
<status status="PASS" starttime="20210218 11:04:35.784" endtime="20210218 11:04:40.484" critical="yes"></status>
</test>
<test id="s1-t3" name="Check response if only password is input">
<kw name="Open Browser" library="SeleniumLibrary" type="setup">
<doc>Opens a new browser instance to the optional ``url``.</doc>
<arguments>
<arg>${BROWSER}</arg>
<arg>${URL}</arg>
</arguments>
<msg timestamp="20210218 11:04:40.487" level="INFO">Opening browser 'chrome' to base url 'https://login.optimyapp.com'.</msg>
<status status="PASS" starttime="20210218 11:04:40.486" endtime="20210218 11:04:45.391"></status>
</kw>
<kw name="Input Text" library="SeleniumLibrary">
<doc>Types the given ``text`` into the text field identified by ``locator``.</doc>
<arguments>
<arg>xpath://*[@id="tab-login"]/form/div[2]/input</arg>
<arg>Password123</arg>
</arguments>
<msg timestamp="20210218 11:04:45.392" level="INFO">Typing text 'Password123' into text field 'xpath://*[@id="tab-login"]/form/div[2]/input'.</msg>
<status status="PASS" starttime="20210218 11:04:45.392" endtime="20210218 11:04:45.510"></status>
</kw>
<kw name="Click Button" library="SeleniumLibrary">
<doc>Clicks the button identified by ``locator``.</doc>
<arguments>
<arg>//*[@id="tab-login"]/form/button</arg>
</arguments>
<msg timestamp="20210218 11:04:45.511" level="INFO">Clicking button '//*[@id="tab-login"]/form/button'.</msg>
<status status="PASS" starttime="20210218 11:04:45.511" endtime="20210218 11:04:45.569"></status>
</kw>
<kw name="Element Should Contain" library="SeleniumLibrary">
<doc>Verifies that element ``locator`` contains text ``expected``.</doc>
<arguments>
<arg>xpath://*[@id="tab-login"]/form/div[1]/span</arg>
<arg>This field is required.</arg>
</arguments>
<msg timestamp="20210218 11:04:45.591" level="INFO">Element 'xpath://*[@id="tab-login"]/form/div[1]/span' contains text 'This field is required.'.</msg>
<status status="PASS" starttime="20210218 11:04:45.569" endtime="20210218 11:04:45.591"></status>
</kw>
<kw name="Close Browser" library="SeleniumLibrary" type="teardown">
<doc>Closes the current browser.</doc>
<status status="PASS" starttime="20210218 11:04:45.592" endtime="20210218 11:04:45.661"></status>
</kw>
<status status="PASS" starttime="20210218 11:04:40.485" endtime="20210218 11:04:45.661" critical="yes"></status>
</test>
<test id="s1-t4" name="Check response if not input but login button was clicked">
<kw name="Open Browser" library="SeleniumLibrary" type="setup">
<doc>Opens a new browser instance to the optional ``url``.</doc>
<arguments>
<arg>${BROWSER}</arg>
<arg>${URL}</arg>
</arguments>
<msg timestamp="20210218 11:04:45.664" level="INFO">Opening browser 'chrome' to base url 'https://login.optimyapp.com'.</msg>
<status status="PASS" starttime="20210218 11:04:45.664" endtime="20210218 11:04:50.443"></status>
</kw>
<kw name="Click Button" library="SeleniumLibrary">
<doc>Clicks the button identified by ``locator``.</doc>
<arguments>
<arg>//*[@id="tab-login"]/form/button</arg>
</arguments>
<msg timestamp="20210218 11:04:50.444" level="INFO">Clicking button '//*[@id="tab-login"]/form/button'.</msg>
<status status="PASS" starttime="20210218 11:04:50.443" endtime="20210218 11:04:50.512"></status>
</kw>
<kw name="Element Should Contain" library="SeleniumLibrary">
<doc>Verifies that element ``locator`` contains text ``expected``.</doc>
<arguments>
<arg>xpath://*[@id="tab-login"]/form/div[1]/span</arg>
<arg>This field is required.</arg>
</arguments>
<msg timestamp="20210218 11:04:50.532" level="INFO">Element 'xpath://*[@id="tab-login"]/form/div[1]/span' contains text 'This field is required.'.</msg>
<status status="PASS" starttime="20210218 11:04:50.513" endtime="20210218 11:04:50.532"></status>
</kw>
<kw name="Element Should Contain" library="SeleniumLibrary">
<doc>Verifies that element ``locator`` contains text ``expected``.</doc>
<arguments>
<arg>xpath://*[@id="tab-login"]/form/div[2]/span</arg>
<arg>This field is required.</arg>
</arguments>
<msg timestamp="20210218 11:04:50.553" level="INFO">Element 'xpath://*[@id="tab-login"]/form/div[2]/span' contains text 'This field is required.'.</msg>
<status status="PASS" starttime="20210218 11:04:50.533" endtime="20210218 11:04:50.554"></status>
</kw>
<kw name="Close Browser" library="SeleniumLibrary" type="teardown">
<doc>Closes the current browser.</doc>
<status status="PASS" starttime="20210218 11:04:50.554" endtime="20210218 11:04:50.624"></status>
</kw>
<status status="PASS" starttime="20210218 11:04:45.663" endtime="20210218 11:04:50.624" critical="yes"></status>
</test>
<status status="PASS" starttime="20210218 11:04:25.499" endtime="20210218 11:04:50.625"></status>
</suite>
<statistics>
<total>
<stat pass="4" fail="0">Critical Tests</stat>
<stat pass="4" fail="0">All Tests</stat>
</total>
<tag>
</tag>
<suite>
<stat pass="4" fail="0" id="s1" name="TechExam">TechExam</stat>
</suite>
</statistics>
<errors>
</errors>
</robot>
